This is pdfTeX, Version 3.1415926-1.40.10 (MiKTeX 2.8) (preloaded format=latex 2010.2.25)  21 JUL 2010 22:34
entering extended mode
**CPGS.tex
("C:\Users\cplb2\Documents\Cambridge\PhD\Write up\CPGS\CPGS.tex"
LaTeX2e <2009/09/24>
Babel <v3.8l> and hyphenation patterns for english, dumylang, nohyphenation, ge
rman, ngerman, german-x-2009-06-19, ngerman-x-2009-06-19, french, loaded.
("C:\Program Files (x86)\MiKTeX 2.8\tex\latex\base\report.cls"
Document Class: report 2007/10/19 v1.4h Standard LaTeX document class
("C:\Program Files (x86)\MiKTeX 2.8\tex\latex\base\size11.clo"
File: size11.clo 2007/10/19 v1.4h Standard LaTeX file (size option)
)
\c@part=\count79
\c@chapter=\count80
\c@section=\count81
\c@subsection=\count82
\c@subsubsection=\count83
\c@paragraph=\count84
\c@subparagraph=\count85
\c@figure=\count86
\c@table=\count87
\abovecaptionskip=\skip41
\belowcaptionskip=\skip42
\bibindent=\dimen102
)
("C:\Program Files (x86)\MiKTeX 2.8\tex\latex\geometry\geometry.sty"
Package: geometry 2008/12/21 v4.2 Page Geometry

("C:\Program Files (x86)\MiKTeX 2.8\tex\latex\graphics\keyval.sty"
Package: keyval 1999/03/16 v1.13 key=value parser (DPC)
\KV@toks@=\toks14
)
("C:\Program Files (x86)\MiKTeX 2.8\tex\generic\oberdiek\ifpdf.sty"
Package: ifpdf 2009/04/10 v2.0 Provides the ifpdf switch (HO)
Package ifpdf Info: pdfTeX in pdf mode not detected.
)
("C:\Program Files (x86)\MiKTeX 2.8\tex\generic\oberdiek\ifvtex.sty"
Package: ifvtex 2008/11/04 v1.4 Switches for detecting VTeX and its modes (HO)
Package ifvtex Info: VTeX not detected.
)
\Gm@cnth=\count88
\Gm@cntv=\count89
\c@Gm@tempcnt=\count90
\Gm@bindingoffset=\dimen103
\Gm@wd@mp=\dimen104
\Gm@odd@mp=\dimen105
\Gm@even@mp=\dimen106
\Gm@dimlist=\toks15

("C:\Program Files (x86)\MiKTeX 2.8\tex\latex\geometry\geometry.cfg"))
("C:\Program Files (x86)\MiKTeX 2.8\tex\latex\fancyhdr\fancyhdr.sty"
\fancy@headwidth=\skip43
\f@ncyO@elh=\skip44
\f@ncyO@erh=\skip45
\f@ncyO@olh=\skip46
\f@ncyO@orh=\skip47
\f@ncyO@elf=\skip48
\f@ncyO@erf=\skip49
\f@ncyO@olf=\skip50
\f@ncyO@orf=\skip51
)
("C:\Program Files (x86)\MiKTeX 2.8\tex\latex\psnfss\charter.sty"
Package: charter 2005/04/12 PSNFSS-v9.2a (P.Dyballa) 
)
("C:\Program Files (x86)\MiKTeX 2.8\tex\latex\pstricks\pstricks.sty"
Package: pstricks 2008/11/26 v0.40 LaTeX wrapper for `PSTricks' (RN,HV)

("C:\Program Files (x86)\MiKTeX 2.8\tex\generic\pstricks\pstricks.tex"
`PSTricks' v1.31  <2009/11/27> (tvz)
\pst@dima=\dimen107
\pst@dimb=\dimen108
\pst@dimc=\dimen109
\pst@dimd=\dimen110
\pst@dimg=\dimen111
\pst@dimh=\dimen112
\pst@hbox=\box26
\pst@boxg=\box27
\pst@cnta=\count91
\pst@cntb=\count92
\pst@cntc=\count93
\pst@cntd=\count94
\pst@cntg=\count95
\pst@cnth=\count96
\pst@toks=\toks16
("C:\Program Files (x86)\MiKTeX 2.8\tex\generic\pstricks\pstricks.con")
\psunit=\dimen113
\psxunit=\dimen114
\psyunit=\dimen115
\pslinewidth=\dimen116
\pst@customdefs=\toks17
\pslinearc=\dimen117
\everypsbox=\toks18
\psframesep=\dimen118
\pslabelsep=\dimen119
\pst@shift=\dimen120
\theoverlaybox=\box28
)
File: pstricks.tex 2009/11/27 v1.31 `PSTricks' (tvz,hv)

("C:\Program Files (x86)\MiKTeX 2.8\tex\latex\xcolor\xcolor.sty"
Package: xcolor 2007/01/21 v2.11 LaTeX color extensions (UK)

("C:\Program Files (x86)\MiKTeX 2.8\tex\latex\00miktex\color.cfg"
File: color.cfg 2007/01/18 v1.5 color configuration of teTeX/TeXLive
)
Package xcolor Info: Driver file: dvips.def on input line 225.

("C:\Program Files (x86)\MiKTeX 2.8\tex\latex\graphics\dvips.def"
File: dvips.def 1999/02/16 v3.0i Driver-dependant file (DPC,SPQR)
)
Package xcolor Info: Model `cmy' substituted by `cmy0' on input line 1337.
Package xcolor Info: Model `RGB' extended on input line 1353.
Package xcolor Info: Model `HTML' substituted by `rgb' on input line 1355.
Package xcolor Info: Model `Hsb' substituted by `hsb' on input line 1356.
Package xcolor Info: Model `tHsb' substituted by `hsb' on input line 1357.
Package xcolor Info: Model `HSB' substituted by `hsb' on input line 1358.
Package xcolor Info: Model `Gray' substituted by `gray' on input line 1359.
Package xcolor Info: Model `wave' substituted by `hsb' on input line 1360.
))
("C:\Program Files (x86)\MiKTeX 2.8\tex\latex\pstricks\pst-node.sty"
Package: pst-node 2006/01/01 package wrapper for pst-node.tex

("C:\Program Files (x86)\MiKTeX 2.8\tex\generic\pstricks\pst-node.tex"
 v1.01, 2008/11/26
\psrow=\count97
\pscol=\count98
\psmatrixcnt=\count99
\psrowsep=\skip52
\pscolsep=\skip53
)
File: pst-node.tex 2008/11/26 1.01 `pst-node' (tvz)
)
("C:\Program Files (x86)\MiKTeX 2.8\tex\latex\pst-text\pst-text.sty"
Package: pst-text 2006/01/01 package wrapper for pst-text.tex (hv)

("C:\Program Files (x86)\MiKTeX 2.8\tex\generic\pst-text\pst-text.tex"
 v1.00, 2006/11/05(tvz,hv))
File: pst-text.tex 2006/11/05 1.00 `pst-text' (tvz)
)
("C:\Program Files (x86)\MiKTeX 2.8\tex\latex\pst-3d\pst-3d.sty"
Package: pst-3d 2005/09/02 package wrapper for pst-3d.tex (hv)

("C:\Program Files (x86)\MiKTeX 2.8\tex\generic\pst-3d\pst-3d.tex"
("C:\Program Files (x86)\MiKTeX 2.8\tex\generic\xkeyval\pst-xkey.tex"
File: pst-xkey.tex 2005/11/25 v1.6 PSTricks specialization of xkeyval (HA)

("C:\Program Files (x86)\MiKTeX 2.8\tex\latex\xkeyval\xkeyval.sty"
Package: xkeyval 2008/08/13 v2.6a package option processing (HA)

("C:\Program Files (x86)\MiKTeX 2.8\tex\generic\xkeyval\xkeyval.tex"
\XKV@toks=\toks19
\XKV@tempa@toks=\toks20
\XKV@depth=\count100
File: xkeyval.tex 2008/08/13 v2.6a key=value parser (HA)
)))
`PST-3d' v1.00, 2005/09/03 (tvz))
File: pst-3d.tex 2005/09/03 v1.00 `PST-3d' (tvz)
)
("C:\Program Files (x86)\MiKTeX 2.8\tex\latex\pst-eucl\pst-eucl.sty"
Package: pst-eucl 2005/05/14 package wrapper for PSTricks pst-eucl.tex

("C:\Program Files (x86)\MiKTeX 2.8\tex\generic\pst-eucl\pst-eucl.tex"
("C:\Program Files (x86)\MiKTeX 2.8\tex\generic\multido\multido.tex"
 v1.41, 2004/05/18 <tvz>
\multido@count=\count101
\multidocount=\count102
\multido@stuff=\toks21
)
`PST-Euclide v1.3.5, 2006/01/30 (Dominique RODRIGUEZ)
 This version uses the pst-xkey package for managing parameters
 Please read the doc, some macros have a new syntax
 use option old for upward compatibility
("C:\Program Files (x86)\MiKTeX 2.8\tex\generic\xkeyval\pst-xkey.tex"))
File: pst-eucl.tex 2006/01/30 v1.3.5 `PST-eucl' (dr)
)
("C:\Program Files (x86)\MiKTeX 2.8\tex\latex\psfrag\psfrag.sty"
Package: psfrag 1998/04/11 v3.04 PSfrag (MCG)

("C:\Program Files (x86)\MiKTeX 2.8\tex\latex\graphics\graphics.sty"
Package: graphics 2009/02/05 v1.0o Standard LaTeX Graphics (DPC,SPQR)

("C:\Program Files (x86)\MiKTeX 2.8\tex\latex\graphics\trig.sty"
Package: trig 1999/03/16 v1.09 sin cos tan (DPC)
)
("C:\Program Files (x86)\MiKTeX 2.8\tex\latex\00miktex\graphics.cfg"
File: graphics.cfg 2007/01/18 v1.5 graphics configuration of teTeX/TeXLive
)
Package graphics Info: Driver file: dvips.def on input line 91.
)
\pfg@pcount=\count103
\pfg@scount=\count104
\pfg@temp=\write3
)
("C:\Program Files (x86)\MiKTeX 2.8\tex\latex\ltxmisc\import.sty"
Package: import 2009/03/23  v 5.1
)
("C:\Program Files (x86)\MiKTeX 2.8\tex\latex\graphics\graphicx.sty"
Package: graphicx 1999/02/16 v1.0f Enhanced LaTeX Graphics (DPC,SPQR)
\Gin@req@height=\dimen121
\Gin@req@width=\dimen122
)
("C:\Program Files (x86)\MiKTeX 2.8\tex\latex\subfigure\subfigure.sty"
Package: subfigure 2002/07/30 v2.1.4 subfigure package
\subfigtopskip=\skip54
\subfigcapskip=\skip55
\subfigcaptopadj=\dimen123
\subfigbottomskip=\skip56
\subfigcapmargin=\dimen124
\subfiglabelskip=\skip57
\c@subfigure=\count105
\c@lofdepth=\count106
\c@subtable=\count107
\c@lotdepth=\count108

****************************************
* Local config file subfigure.cfg used *
****************************************
("C:\Program Files (x86)\MiKTeX 2.8\tex\latex\subfigure\subfigure.cfg")
\subfig@top=\skip58
\subfig@bottom=\skip59
)
("C:\Program Files (x86)\MiKTeX 2.8\tex\latex\rotating\rotating.sty"
Package: rotating 2009/03/28 v2.16a rotated objects in LaTeX

("C:\Program Files (x86)\MiKTeX 2.8\tex\latex\base\ifthen.sty"
Package: ifthen 2001/05/26 v1.1c Standard LaTeX ifthen package (DPC)
)
\c@r@tfl@t=\count109
\rotFPtop=\skip60
\rotFPbot=\skip61
\rot@float@box=\box29
\rot@mess@toks=\toks22
)
("C:\Program Files (x86)\MiKTeX 2.8\tex\latex\amsfonts\amssymb.sty"
Package: amssymb 2009/06/22 v3.00

("C:\Program Files (x86)\MiKTeX 2.8\tex\latex\amsfonts\amsfonts.sty"
Package: amsfonts 2009/06/22 v3.00 Basic AMSFonts support
\@emptytoks=\toks23
\symAMSa=\mathgroup4
\symAMSb=\mathgroup5
LaTeX Font Info:    Overwriting math alphabet `\mathfrak' in version `bold'
(Font)                  U/euf/m/n --> U/euf/b/n on input line 96.
))
("C:\Program Files (x86)\MiKTeX 2.8\tex\latex\ams\math\amstext.sty"
Package: amstext 2000/06/29 v2.01

("C:\Program Files (x86)\MiKTeX 2.8\tex\latex\ams\math\amsgen.sty"
File: amsgen.sty 1999/11/30 v2.0
\@emptytoks=\toks24
\ex@=\dimen125
))
("C:\Program Files (x86)\MiKTeX 2.8\tex\latex\ams\math\amsmath.sty"
Package: amsmath 2000/07/18 v2.13 AMS math features
\@mathmargin=\skip62

For additional information on amsmath, use the `?' option.
("C:\Program Files (x86)\MiKTeX 2.8\tex\latex\ams\math\amsbsy.sty"
Package: amsbsy 1999/11/29 v1.2d
\pmbraise@=\dimen126
)
("C:\Program Files (x86)\MiKTeX 2.8\tex\latex\ams\math\amsopn.sty"
Package: amsopn 1999/12/14 v2.01 operator names
)
\inf@bad=\count110
LaTeX Info: Redefining \frac on input line 211.
\uproot@=\count111
\leftroot@=\count112
LaTeX Info: Redefining \overline on input line 307.
\classnum@=\count113
\DOTSCASE@=\count114
LaTeX Info: Redefining \ldots on input line 379.
LaTeX Info: Redefining \dots on input line 382.
LaTeX Info: Redefining \cdots on input line 467.
\Mathstrutbox@=\box30
\strutbox@=\box31
\big@size=\dimen127
LaTeX Font Info:    Redeclaring font encoding OML on input line 567.
LaTeX Font Info:    Redeclaring font encoding OMS on input line 568.
\macc@depth=\count115
\c@MaxMatrixCols=\count116
\dotsspace@=\muskip10
\c@parentequation=\count117
\dspbrk@lvl=\count118
\tag@help=\toks25
\row@=\count119
\column@=\count120
\maxfields@=\count121
\andhelp@=\toks26
\eqnshift@=\dimen128
\alignsep@=\dimen129
\tagshift@=\dimen130
\tagwidth@=\dimen131
\totwidth@=\dimen132
\lineht@=\dimen133
\@envbody=\toks27
\multlinegap=\skip63
\multlinetaggap=\skip64
\mathdisplay@stack=\toks28
LaTeX Info: Redefining \[ on input line 2666.
LaTeX Info: Redefining \] on input line 2667.
)
("C:\Program Files (x86)\MiKTeX 2.8\tex\latex\jknappen\mathrsfs.sty"
Package: mathrsfs 1996/01/01 Math RSFS package v1.0 (jk)
\symrsfs=\mathgroup6
)
("C:\Program Files (x86)\MiKTeX 2.8\tex\latex\listings\listings.sty"
\lst@mode=\count122
\lst@gtempboxa=\box32
\lst@token=\toks29
\lst@length=\count123
\lst@currlwidth=\dimen134
\lst@column=\count124
\lst@pos=\count125
\lst@lostspace=\dimen135
\lst@width=\dimen136
\lst@newlines=\count126
\lst@lineno=\count127
\lst@maxwidth=\dimen137

("C:\Program Files (x86)\MiKTeX 2.8\tex\latex\listings\lstmisc.sty"
File: lstmisc.sty 2007/02/22 1.4 (Carsten Heinz)
\c@lstnumber=\count128
\lst@skipnumbers=\count129
\lst@framebox=\box33
)
("C:\Program Files (x86)\MiKTeX 2.8\tex\latex\listings\listings.cfg"
File: listings.cfg 2007/02/22 1.4 listings configuration
))
Package: listings 2007/02/22 1.4 (Carsten Heinz)

("C:\Program Files (x86)\MiKTeX 2.8\tex\latex\booktabs\booktabs.sty"
Package: booktabs 2005/04/14 v1.61803 publication quality tables
\heavyrulewidth=\dimen138
\lightrulewidth=\dimen139
\cmidrulewidth=\dimen140
\belowrulesep=\dimen141
\belowbottomsep=\dimen142
\aboverulesep=\dimen143
\abovetopsep=\dimen144
\cmidrulesep=\dimen145
\cmidrulekern=\dimen146
\defaultaddspace=\dimen147
\@cmidla=\count130
\@cmidlb=\count131
\@aboverulesep=\dimen148
\@belowrulesep=\dimen149
\@thisruleclass=\count132
\@lastruleclass=\count133
\@thisrulewidth=\dimen150
)
("C:\Program Files (x86)\MiKTeX 2.8\tex\latex\lm\lmodern.sty"
Package: lmodern 2009/10/30 v1.6 Latin Modern Fonts
LaTeX Font Info:    Overwriting symbol font `operators' in version `normal'
(Font)                  OT1/cmr/m/n --> OT1/lmr/m/n on input line 22.
LaTeX Font Info:    Overwriting symbol font `letters' in version `normal'
(Font)                  OML/cmm/m/it --> OML/lmm/m/it on input line 23.
LaTeX Font Info:    Overwriting symbol font `symbols' in version `normal'
(Font)                  OMS/cmsy/m/n --> OMS/lmsy/m/n on input line 24.
LaTeX Font Info:    Overwriting symbol font `largesymbols' in version `normal'
(Font)                  OMX/cmex/m/n --> OMX/lmex/m/n on input line 25.
LaTeX Font Info:    Overwriting symbol font `operators' in version `bold'
(Font)                  OT1/cmr/bx/n --> OT1/lmr/bx/n on input line 26.
LaTeX Font Info:    Overwriting symbol font `letters' in version `bold'
(Font)                  OML/cmm/b/it --> OML/lmm/b/it on input line 27.
LaTeX Font Info:    Overwriting symbol font `symbols' in version `bold'
(Font)                  OMS/cmsy/b/n --> OMS/lmsy/b/n on input line 28.
LaTeX Font Info:    Overwriting symbol font `largesymbols' in version `bold'
(Font)                  OMX/cmex/m/n --> OMX/lmex/m/n on input line 29.
LaTeX Font Info:    Overwriting math alphabet `\mathbf' in version `normal'
(Font)                  OT1/cmr/bx/n --> OT1/lmr/bx/n on input line 31.
LaTeX Font Info:    Overwriting math alphabet `\mathsf' in version `normal'
(Font)                  OT1/cmss/m/n --> OT1/lmss/m/n on input line 32.
LaTeX Font Info:    Overwriting math alphabet `\mathit' in version `normal'
(Font)                  OT1/cmr/m/it --> OT1/lmr/m/it on input line 33.
LaTeX Font Info:    Overwriting math alphabet `\mathtt' in version `normal'
(Font)                  OT1/cmtt/m/n --> OT1/lmtt/m/n on input line 34.
LaTeX Font Info:    Overwriting math alphabet `\mathbf' in version `bold'
(Font)                  OT1/cmr/bx/n --> OT1/lmr/bx/n on input line 35.
LaTeX Font Info:    Overwriting math alphabet `\mathsf' in version `bold'
(Font)                  OT1/cmss/bx/n --> OT1/lmss/bx/n on input line 36.
LaTeX Font Info:    Overwriting math alphabet `\mathit' in version `bold'
(Font)                  OT1/cmr/bx/it --> OT1/lmr/bx/it on input line 37.
LaTeX Font Info:    Overwriting math alphabet `\mathtt' in version `bold'
(Font)                  OT1/cmtt/m/n --> OT1/lmtt/m/n on input line 38.
)
("C:\Program Files (x86)\MiKTeX 2.8\tex\latex\microtype\microtype.sty"
Package: microtype 2009/11/09 v2.3e Micro-typography with pdfTeX (RS)
\MT@toks=\toks30
\MT@count=\count134
LaTeX Info: Redefining \lsstyle on input line 1617.
LaTeX Info: Redefining \lslig on input line 1617.
\MT@outer@space=\skip65
LaTeX Info: Redefining \textls on input line 1625.
\MT@outer@kern=\dimen151
LaTeX Info: Redefining \textmicrotypecontext on input line 2176.
Package microtype Info: Loading configuration file microtype.cfg.

("C:\Program Files (x86)\MiKTeX 2.8\tex\latex\microtype\microtype.cfg"
File: microtype.cfg 2009/11/09 v2.3e microtype main configuration file (RS)
))
("C:\Program Files (x86)\MiKTeX 2.8\tex\latex\units\nicefrac.sty"
Package: nicefrac 1998/08/04 v0.9b Nice fractions
\L@UnitsRaiseDisplaystyle=\skip66
\L@UnitsRaiseTextstyle=\skip67
\L@UnitsRaiseScriptstyle=\skip68
)
("C:\Program Files (x86)\MiKTeX 2.8\tex\latex\base\fontenc.sty"
Package: fontenc 2005/09/27 v1.99g Standard LaTeX package

("C:\Program Files (x86)\MiKTeX 2.8\tex\latex\base\t1enc.def"
File: t1enc.def 2005/09/27 v1.99g Standard LaTeX file
LaTeX Font Info:    Redeclaring font encoding T1 on input line 43.
))
("C:\Program Files (x86)\MiKTeX 2.8\tex\latex\siunitx\siunitx.sty"
Package: siunitx 2009/10/24 v1.3d A comprehensive (SI) units package

("C:\Program Files (x86)\MiKTeX 2.8\tex\latex\tools\array.sty"
Package: array 2008/09/09 v2.4c Tabular extension package (FMi)
\col@sep=\dimen152
\extrarowheight=\dimen153
\NC@list=\toks31
\extratabsurround=\skip69
\backup@length=\skip70
)
("C:\Program Files (x86)\MiKTeX 2.8\tex\latex\tools\xspace.sty"
Package: xspace 2006/05/08 v1.12 Space after command names (DPC,MH)
)
\si@tempboxa=\box34
\si@tempboxb=\box35
\si@tempboxc=\box36
\si@tempboxd=\box37
\si@temptoks=\toks32
\si@tab@mantprecnt=\count135
\si@tab@mantpostcnt=\count136
\si@tab@expprecnt=\count137
\si@tab@exppostcnt=\count138
\si@num@dp=\count139
\si@num@sf=\count140
\si@eVcorra=\skip71
\si@eVcorrb=\skip72
\si@frc@displen=\skip73
\si@frc@textlen=\skip74
\si@frc@suplen=\skip75
\si@frc@ssuplen=\skip76
\si@num@rndtarget=\count141
\si@tab@toks=\toks33
\si@tab@pretoks=\toks34
\si@tab@posttoks=\toks35
\si@tempcnta=\count142
\si@tempcntb=\count143
\si@tab@prebox=\box38
\si@tab@midbox=\box39
\si@tab@postbox=\box40
\si@tab@expbox=\box41
\si@tab@predim=\dimen154
\si@tab@postdim=\dimen155
\si@tab@expdim=\dimen156
\si@tempdima=\dimen157
\si@tempdimb=\dimen158
\si@unt@unitcnta=\count144
\si@unt@unitcntb=\count145
\si@unt@depthcnt=\count146
\si@unt@prefixcnt=\count147
\si@unt@powerdim=\dimen159

("C:\Program Files (x86)\MiKTeX 2.8\tex\latex\siunitx\config\si-abbr.cfg"
File: si-abbr.cfg 2009/10/24 v1.3d siunitx: Abbreviated units

("C:\Program Files (x86)\MiKTeX 2.8\tex\latex\siunitx\config\si-prefix.cfg"
File: si-prefix.cfg 2009/10/24 v1.3d siunitx: SI Multiple prefixes
Package siunitx Info: Redefining unit \kilogram on input line 46.
)
("C:\Program Files (x86)\MiKTeX 2.8\tex\latex\siunitx\config\si-named.cfg"
File: si-named.cfg 2009/10/24 v1.3d siunitx: SI Named units
)
("C:\Program Files (x86)\MiKTeX 2.8\tex\latex\siunitx\config\si-accepted.cfg"
File: si-accepted.cfg 2009/10/24 v1.3d siunitx: SI Accepted units
)
("C:\Program Files (x86)\MiKTeX 2.8\tex\latex\siunitx\config\si-physical.cfg"
File: si-physical.cfg 2009/10/24 v1.3d siunitx: SI Physically-measured units
)) ("C:\Program Files (x86)\MiKTeX 2.8\tex\latex\siunitx\config\si-hep.cfg"
File: si-hep.cfg 2009/10/24 v1.3d siunitx: Units for high-energy physics
)
("C:\Program Files (x86)\MiKTeX 2.8\tex\latex\siunitx\config\si-astro.cfg"
File: si-astro.cfg 2009/10/24 v1.3d siunitx: Units for astronomy
))
Package siunitx Info: Redefining unit \as on input line 27.

("C:\Program Files (x86)\MiKTeX 2.8\tex\latex\ltxmisc\braket.sty")
("C:\Program Files (x86)\MiKTeX 2.8\tex\latex\carlisle\slashed.sty"
Package: slashed 1997/01/16 v0.01 Feynman Slashed Character Notation (DPC)
)
("C:\Program Files (x86)\MiKTeX 2.8\tex\latex\tools\longtable.sty"
Package: longtable 2004/02/01 v4.11 Multi-page Table package (DPC)
\LTleft=\skip77
\LTright=\skip78
\LTpre=\skip79
\LTpost=\skip80
\LTchunksize=\count148
\LTcapwidth=\dimen160
\LT@head=\box42
\LT@firsthead=\box43
\LT@foot=\box44
\LT@lastfoot=\box45
\LT@cols=\count149
\LT@rows=\count150
\c@LT@tables=\count151
\c@LT@chunks=\count152
\LT@p@ftn=\toks36
)
("C:\Program Files (x86)\MiKTeX 2.8\tex\latex\tools\afterpage.sty"
Package: afterpage 1995/10/27 v1.08 After-Page Package (DPC)
\AP@output=\toks37
\AP@partial=\box46
\AP@footins=\box47
)
("C:\Program Files (x86)\MiKTeX 2.8\tex\latex\base\inputenc.sty"
Package: inputenc 2008/03/30 v1.1d Input encoding file
\inpenc@prehook=\toks38
\inpenc@posthook=\toks39

("C:\Program Files (x86)\MiKTeX 2.8\tex\latex\base\latin9.def"
File: latin9.def 2008/03/30 v1.1d Input encoding file
))
("C:\Program Files (x86)\MiKTeX 2.8\tex\latex\was\fixmath.sty"
Package: fixmath 2000/04/11 v0.9 (WaS)
LaTeX Font Info:    Redeclaring math symbol \Gamma on input line 27.
LaTeX Font Info:    Redeclaring math symbol \Delta on input line 28.
LaTeX Font Info:    Redeclaring math symbol \Theta on input line 29.
LaTeX Font Info:    Redeclaring math symbol \Lambda on input line 30.
LaTeX Font Info:    Redeclaring math symbol \Xi on input line 31.
LaTeX Font Info:    Redeclaring math symbol \Pi on input line 32.
LaTeX Font Info:    Redeclaring math symbol \Sigma on input line 33.
LaTeX Font Info:    Redeclaring math symbol \Upsilon on input line 34.
LaTeX Font Info:    Redeclaring math symbol \Phi on input line 35.
LaTeX Font Info:    Redeclaring math symbol \Psi on input line 36.
LaTeX Font Info:    Redeclaring math symbol \Omega on input line 37.
LaTeX Font Info:    Redeclaring math symbol \alpha on input line 38.
LaTeX Font Info:    Redeclaring math symbol \beta on input line 39.
LaTeX Font Info:    Redeclaring math symbol \gamma on input line 40.
LaTeX Font Info:    Redeclaring math symbol \delta on input line 41.
LaTeX Font Info:    Redeclaring math symbol \epsilon on input line 42.
LaTeX Font Info:    Redeclaring math symbol \zeta on input line 43.
LaTeX Font Info:    Redeclaring math symbol \eta on input line 44.
LaTeX Font Info:    Redeclaring math symbol \theta on input line 45.
LaTeX Font Info:    Redeclaring math symbol \iota on input line 46.
LaTeX Font Info:    Redeclaring math symbol \kappa on input line 47.
LaTeX Font Info:    Redeclaring math symbol \lambda on input line 48.
LaTeX Font Info:    Redeclaring math symbol \mu on input line 49.
LaTeX Font Info:    Redeclaring math symbol \nu on input line 50.
LaTeX Font Info:    Redeclaring math symbol \xi on input line 51.
LaTeX Font Info:    Redeclaring math symbol \pi on input line 52.
LaTeX Font Info:    Redeclaring math symbol \rho on input line 53.
LaTeX Font Info:    Redeclaring math symbol \sigma on input line 54.
LaTeX Font Info:    Redeclaring math symbol \tau on input line 55.
LaTeX Font Info:    Redeclaring math symbol \upsilon on input line 56.
LaTeX Font Info:    Redeclaring math symbol \phi on input line 57.
LaTeX Font Info:    Redeclaring math symbol \chi on input line 58.
LaTeX Font Info:    Redeclaring math symbol \psi on input line 59.
LaTeX Font Info:    Redeclaring math symbol \omega on input line 60.
LaTeX Font Info:    Redeclaring math symbol \varepsilon on input line 61.
LaTeX Font Info:    Redeclaring math symbol \vartheta on input line 62.
LaTeX Font Info:    Redeclaring math symbol \varpi on input line 63.
LaTeX Font Info:    Redeclaring math symbol \varphi on input line 64.
LaTeX Font Info:    Redeclaring math symbol \varrho on input line 65.
LaTeX Font Info:    Redeclaring math symbol \varsigma on input line 66.
)
("C:\Program Files (x86)\MiKTeX 2.8\tex\latex\natbib\natbib.sty"
Package: natbib 2009/07/16 8.31 (PWD, AO)
\bibhang=\skip81
\bibsep=\skip82
LaTeX Info: Redefining \cite on input line 694.
\c@NAT@ctr=\count153
)
("C:\Users\cplb2\Documents\Cambridge\PhD\Write up\CPGS\CPGS.aux")
LaTeX Font Info:    Checking defaults for OML/cmm/m/it on input line 94.
LaTeX Font Info:    ... okay on input line 94.
LaTeX Font Info:    Checking defaults for T1/cmr/m/n on input line 94.
LaTeX Font Info:    ... okay on input line 94.
LaTeX Font Info:    Checking defaults for OT1/cmr/m/n on input line 94.
LaTeX Font Info:    ... okay on input line 94.
LaTeX Font Info:    Checking defaults for OMS/cmsy/m/n on input line 94.
LaTeX Font Info:    ... okay on input line 94.
LaTeX Font Info:    Checking defaults for OMX/cmex/m/n on input line 94.
LaTeX Font Info:    ... okay on input line 94.
LaTeX Font Info:    Checking defaults for U/cmr/m/n on input line 94.
LaTeX Font Info:    ... okay on input line 94.
LaTeX Font Info:    Checking defaults for TS1/cmr/m/n on input line 94.
LaTeX Font Info:    Try loading font information for TS1+cmr on input line 94.

("C:\Program Files (x86)\MiKTeX 2.8\tex\latex\base\ts1cmr.fd"
File: ts1cmr.fd 1999/05/25 v2.5h Standard LaTeX font definitions
)
LaTeX Font Info:    ... okay on input line 94.
LaTeX Font Info:    Try loading font information for T1+lmr on input line 94.

("C:\Program Files (x86)\MiKTeX 2.8\tex\latex\lm\t1lmr.fd"
File: t1lmr.fd 2009/10/30 v1.6 Font defs for Latin Modern
)
*geometry auto-detecting driver*
*geometry detected driver: dvips*
-------------------- Geometry parameters
paper: a4paper
landscape: --
twocolumn: --
twoside: true
asymmetric: --
h-parts: 71.70166pt, 0.7\paperwidth , 107.55254pt (default)
v-parts: 101.40665pt, 0.7\paperheight , 152.11pt (default)
hmarginratio: 2:3
vmarginratio: 2:3
lines: --
heightrounded: --
bindingoffset: 0.0pt
truedimen: --
includehead: --
includefoot: --
includemp: --
driver: dvips
-------------------- Page layout dimensions and switches
\paperwidth  597.50787pt
\paperheight 845.04684pt
\textwidth  418.25368pt
\textheight 612.00027pt
\oddsidemargin  -0.56833pt
\evensidemargin 35.28255pt
\topmargin  -7.86334pt
\headheight 13.6pt
\headsep    25.0pt
\footskip   30.0pt
\marginparwidth 103.0pt
\marginparsep   10.0pt
\columnsep  10.0pt
\skip\footins  10.0pt plus 4.0pt minus 2.0pt
\hoffset 0.0pt
\voffset 0.0pt
\mag 1000
\@twosidetrue \@mparswitchtrue 
(1in=72.27pt, 1cm=28.45pt)
-----------------------
\c@lstlisting=\count154
LaTeX Info: Redefining \microtypecontext on input line 94.
Package microtype Info: Generating DVI output.
Package microtype Info: Character protrusion enabled (level 2).
Package microtype Info: Using default protrusion set `alltext'.
Package microtype Info: No font expansion.
Package microtype Info: No tracking.
Package microtype Info: No adjustment of interword spacing.
Package microtype Info: No adjustment of character kerning.
("C:\Program Files (x86)\MiKTeX 2.8\tex\latex\microtype\mt-cmr.cfg"
File: mt-cmr.cfg 2009/11/09 v2.0 microtype config. file: Computer Modern Roman 
(RS)
)
Package siunitx Info: xfrac package unavailable
(siunitx)             using `fraction=sfrac' will fall back on
(siunitx)             nicefrac-like method on input line 94.
LaTeX Font Info:    Try loading font information for OT1+lmr on input line 94.

("C:\Program Files (x86)\MiKTeX 2.8\tex\latex\lm\ot1lmr.fd"
File: ot1lmr.fd 2009/10/30 v1.6 Font defs for Latin Modern
)
LaTeX Font Info:    Try loading font information for OML+lmm on input line 94.

("C:\Program Files (x86)\MiKTeX 2.8\tex\latex\lm\omllmm.fd"
File: omllmm.fd 2009/10/30 v1.6 Font defs for Latin Modern
)
LaTeX Font Info:    Try loading font information for OMS+lmsy on input line 94.


("C:\Program Files (x86)\MiKTeX 2.8\tex\latex\lm\omslmsy.fd"
File: omslmsy.fd 2009/10/30 v1.6 Font defs for Latin Modern
)
LaTeX Font Info:    Try loading font information for OMX+lmex on input line 94.


("C:\Program Files (x86)\MiKTeX 2.8\tex\latex\lm\omxlmex.fd"
File: omxlmex.fd 2009/10/30 v1.6 Font defs for Latin Modern
)
LaTeX Font Info:    External font `lmex10' loaded for size
(Font)              <10.95> on input line 94.
LaTeX Font Info:    External font `lmex10' loaded for size
(Font)              <8> on input line 94.
LaTeX Font Info:    External font `lmex10' loaded for size
(Font)              <6> on input line 94.
LaTeX Font Info:    Try loading font information for U+msa on input line 94.

("C:\Program Files (x86)\MiKTeX 2.8\tex\latex\amsfonts\umsa.fd"
File: umsa.fd 2009/06/22 v3.00 AMS symbols A
)
("C:\Program Files (x86)\MiKTeX 2.8\tex\latex\microtype\mt-msa.cfg"
File: mt-msa.cfg 2006/02/04 v1.1 microtype config. file: AMS symbols (a) (RS)
)
LaTeX Font Info:    Try loading font information for U+msb on input line 94.

("C:\Program Files (x86)\MiKTeX 2.8\tex\latex\amsfonts\umsb.fd"
File: umsb.fd 2009/06/22 v3.00 AMS symbols B
)
("C:\Program Files (x86)\MiKTeX 2.8\tex\latex\microtype\mt-msb.cfg"
File: mt-msb.cfg 2005/06/01 v1.0 microtype config. file: AMS symbols (b) (RS)
)
LaTeX Font Info:    Try loading font information for U+rsfs on input line 94.

("C:\Program Files (x86)\MiKTeX 2.8\tex\latex\jknappen\ursfs.fd"
File: ursfs.fd 1998/03/24 rsfs font definition file (jk)
)
LaTeX Font Info:    Try loading font information for OT1+lmss on input line 94.


("C:\Program Files (x86)\MiKTeX 2.8\tex\latex\lm\ot1lmss.fd"
File: ot1lmss.fd 2009/10/30 v1.6 Font defs for Latin Modern
)
LaTeX Font Info:    Try loading font information for OT1+lmtt on input line 94.


("C:\Program Files (x86)\MiKTeX 2.8\tex\latex\lm\ot1lmtt.fd"
File: ot1lmtt.fd 2009/10/30 v1.6 Font defs for Latin Modern
)
LaTeX Font Info:    External font `lmex10' loaded for size
(Font)              <12> on input line 129.
File: ../shield.eps Graphic file (type eps)
 <../shield.eps>
[1

] [1] ("C:\Users\cplb2\Documents\Cambridge\PhD\Write up\CPGS\Introduction.tex"
Chapter 1.
) [1

] ("C:\Users\cplb2\Documents\Cambridge\PhD\Write up\CPGS\f_R.tex" [2]
Chapter 2.
LaTeX Font Info:    External font `lmex10' loaded for size
(Font)              <24.88> on input line 1.
LaTeX Font Info:    External font `lmex10' loaded for size
(Font)              <20.74> on input line 1.
LaTeX Font Info:    External font `lmex10' loaded for size
(Font)              <17.28> on input line 1.
LaTeX Font Info:    External font `lmex10' loaded for size
(Font)              <14.4> on input line 3.
LaTeX Font Info:    External font `lmex10' loaded for size
(Font)              <10> on input line 3.
LaTeX Font Info:    External font `lmex10' loaded for size
(Font)              <7> on input line 3.
LaTeX Font Info:    External font `lmex10' loaded for size
(Font)              <9> on input line 23.
LaTeX Font Info:    External font `lmex10' loaded for size
(Font)              <5> on input line 23.
[3

] [4] [5] [6] [7] [8] [9] [10] [11] [12] [13] [14] [15] [16]
Overfull \hbox (1.12605pt too wide) detected at line 550
\OML/lmm/m/it/10.95 h[] \OT1/lmr/m/n/10.95 = \OMS/lmsy/m/n/10.95  [] [] \OT1/lm
r/m/n/10.95 ;  \OML/lmm/m/it/10.95 h[] \OT1/lmr/m/n/10.95 = \OMS/lmsy/m/n/10.95
  [] []  []\OML/lmm/m/it/10.95 :
 []

[17] [18] [19] [20] [21])
("C:\Users\cplb2\Documents\Cambridge\PhD\Write up\CPGS\Parabolic.tex" [22]
Chapter 3.
[23

] [24] [25] [26]
File: ./Images/Triangle.eps Graphic file (type eps)
 <./Images/Triangle.eps> [27]
Underfull \hbox (badness 4168) in paragraph at lines 116--117
[]\T1/lmr/m/n/10.95 Identify the Boyer-Lindquist co-or-di-nates with flat-space
 spher-i-cal po-lars
 []

[28] [29] [30] [31]
("C:\Users\cplb2\Documents\Cambridge\PhD\Write up\CPGS\Images\Noise.tex"
File: ./Images/Noise.eps Graphic file (type eps)

<psfrag:./Images/Noise.eps>
("C:\Users\cplb2\Documents\Cambridge\PhD\Write up\CPGS\CPGS.pfg")
<./Images/Noise.eps>) [32]
("C:\Users\cplb2\Documents\Cambridge\PhD\Write up\CPGS\Images\h_I_Rectangular.t
ex"
File: ./Images/h_I_Rectangular.eps Graphic file (type eps)
 <psfrag:./Images/h_I_Rectangular.eps>
("C:\Users\cplb2\Documents\Cambridge\PhD\Write up\CPGS\CPGS.pfg")
<./Images/h_I_Rectangular.eps>)
("C:\Users\cplb2\Documents\Cambridge\PhD\Write up\CPGS\Images\h_II_Rectangular.
tex"
File: ./Images/h_II_Rectangular.eps Graphic file (type eps)
 <psfrag:./Images/h_II_Rectangular.eps>
("C:\Users\cplb2\Documents\Cambridge\PhD\Write up\CPGS\CPGS.pfg")
<./Images/h_II_Rectangular.eps>) [33]
("C:\Users\cplb2\Documents\Cambridge\PhD\Write up\CPGS\Images\h_I_Nuttall_first
_derivative.tex"
File: ./Images/h_I_Nuttall_first_derivative.eps Graphic file (type eps)
 <psfrag:./Images/h_I_Nuttall_first_derivative.eps>
("C:\Users\cplb2\Documents\Cambridge\PhD\Write up\CPGS\CPGS.pfg")
<./Images/h_I_Nuttall_first_derivative.eps>)
("C:\Users\cplb2\Documents\Cambridge\PhD\Write up\CPGS\Images\h_II_Nuttall_firs
t_derivative.tex"
File: ./Images/h_II_Nuttall_first_derivative.eps Graphic file (type eps)
 <psfrag:./Images/h_II_Nuttall_first_derivative.eps>
("C:\Users\cplb2\Documents\Cambridge\PhD\Write up\CPGS\CPGS.pfg")
<./Images/h_II_Nuttall_first_derivative.eps>)
Underfull \vbox (badness 1975) has occurred while \output is active []

 [34]
[35] ("C:\Users\cplb2\Documents\Cambridge\PhD\Write up\CPGS\Images\h_I_1.tex"
File: ./Images/h_I_Nuttall_first_derivative.eps Graphic file (type eps)

<psfrag:./Images/h_I_Nuttall_first_derivative.eps>
("C:\Users\cplb2\Documents\Cambridge\PhD\Write up\CPGS\CPGS.pfg")
<./Images/h_I_Nuttall_first_derivative.eps>)
("C:\Users\cplb2\Documents\Cambridge\PhD\Write up\CPGS\Images\h_II_1.tex"
File: ./Images/h_II_Nuttall_first_derivative.eps Graphic file (type eps)

<psfrag:./Images/h_II_Nuttall_first_derivative.eps>
("C:\Users\cplb2\Documents\Cambridge\PhD\Write up\CPGS\CPGS.pfg")
<./Images/h_II_Nuttall_first_derivative.eps>)
("C:\Users\cplb2\Documents\Cambridge\PhD\Write up\CPGS\Images\h_I_2.tex"
File: ./Images/h_I_Nuttall_first_derivative.eps Graphic file (type eps)

<psfrag:./Images/h_I_Nuttall_first_derivative.eps>
("C:\Users\cplb2\Documents\Cambridge\PhD\Write up\CPGS\CPGS.pfg")
<./Images/h_I_Nuttall_first_derivative.eps>)
("C:\Users\cplb2\Documents\Cambridge\PhD\Write up\CPGS\Images\h_II_2.tex"
File: ./Images/h_II_Nuttall_first_derivative.eps Graphic file (type eps)

<psfrag:./Images/h_II_Nuttall_first_derivative.eps>
("C:\Users\cplb2\Documents\Cambridge\PhD\Write up\CPGS\CPGS.pfg")
<./Images/h_II_Nuttall_first_derivative.eps>)
("C:\Users\cplb2\Documents\Cambridge\PhD\Write up\CPGS\Images\h_I_5.tex"
File: ./Images/h_I_Nuttall_first_derivative.eps Graphic file (type eps)

<psfrag:./Images/h_I_Nuttall_first_derivative.eps>
("C:\Users\cplb2\Documents\Cambridge\PhD\Write up\CPGS\CPGS.pfg")
<./Images/h_I_Nuttall_first_derivative.eps>)
("C:\Users\cplb2\Documents\Cambridge\PhD\Write up\CPGS\Images\h_II_5.tex"
File: ./Images/h_II_Nuttall_first_derivative.eps Graphic file (type eps)

<psfrag:./Images/h_II_Nuttall_first_derivative.eps>
("C:\Users\cplb2\Documents\Cambridge\PhD\Write up\CPGS\CPGS.pfg")
<./Images/h_II_Nuttall_first_derivative.eps>)
("C:\Users\cplb2\Documents\Cambridge\PhD\Write up\CPGS\Images\h_I_6.tex"
File: ./Images/h_I_Nuttall_first_derivative.eps Graphic file (type eps)

<psfrag:./Images/h_I_Nuttall_first_derivative.eps>
("C:\Users\cplb2\Documents\Cambridge\PhD\Write up\CPGS\CPGS.pfg")
<./Images/h_I_Nuttall_first_derivative.eps>)
("C:\Users\cplb2\Documents\Cambridge\PhD\Write up\CPGS\Images\h_II_6.tex"
File: ./Images/h_II_Nuttall_first_derivative.eps Graphic file (type eps)

<psfrag:./Images/h_II_Nuttall_first_derivative.eps>
("C:\Users\cplb2\Documents\Cambridge\PhD\Write up\CPGS\CPGS.pfg")
<./Images/h_II_Nuttall_first_derivative.eps>)
("C:\Users\cplb2\Documents\Cambridge\PhD\Write up\CPGS\Images\h_I_7.tex"
File: ./Images/h_I_Nuttall_first_derivative.eps Graphic file (type eps)

<psfrag:./Images/h_I_Nuttall_first_derivative.eps>
("C:\Users\cplb2\Documents\Cambridge\PhD\Write up\CPGS\CPGS.pfg")
<./Images/h_I_Nuttall_first_derivative.eps>)
("C:\Users\cplb2\Documents\Cambridge\PhD\Write up\CPGS\Images\h_II_7.tex"
File: ./Images/h_II_Nuttall_first_derivative.eps Graphic file (type eps)

<psfrag:./Images/h_II_Nuttall_first_derivative.eps>
("C:\Users\cplb2\Documents\Cambridge\PhD\Write up\CPGS\CPGS.pfg")
<./Images/h_II_Nuttall_first_derivative.eps>) [36] [37] [38] [39] [40] [41]
[42] [43] [44] [45]
("C:\Users\cplb2\Documents\Cambridge\PhD\Write up\CPGS\Images\loglog_E.tex"
File: ./Images/Loglog_E.eps Graphic file (type eps)

<psfrag:./Images/Loglog_E.eps>
("C:\Users\cplb2\Documents\Cambridge\PhD\Write up\CPGS\CPGS.pfg")
<./Images/Loglog_E.eps>)
("C:\Users\cplb2\Documents\Cambridge\PhD\Write up\CPGS\Images\loglin_E.tex"
File: ./Images/Loglin_E.eps Graphic file (type eps)

<psfrag:./Images/Loglin_E.eps>
("C:\Users\cplb2\Documents\Cambridge\PhD\Write up\CPGS\CPGS.pfg")
<./Images/Loglin_E.eps>) [46] [47]
("C:\Users\cplb2\Documents\Cambridge\PhD\Write up\CPGS\Images\loglog_E_oct.tex"
File: ./Images/Loglog_E.eps Graphic file (type eps)
<psfrag:./Images/Loglog_E.eps>
("C:\Users\cplb2\Documents\Cambridge\PhD\Write up\CPGS\CPGS.pfg")
<./Images/Loglog_E.eps>)
("C:\Users\cplb2\Documents\Cambridge\PhD\Write up\CPGS\Images\loglin_E_oct.tex"
File: ./Images/Loglin_E.eps Graphic file (type eps)
<psfrag:./Images/Loglin_E.eps>
("C:\Users\cplb2\Documents\Cambridge\PhD\Write up\CPGS\CPGS.pfg")
<./Images/Loglin_E.eps>))
("C:\Users\cplb2\Documents\Cambridge\PhD\Write up\CPGS\Future.tex" [48]
[49]
Chapter 4.
LaTeX Font Info:    Try loading font information for OMS+lmr on input line 9.
("C:\Program Files (x86)\MiKTeX 2.8\tex\latex\lm\omslmr.fd"
File: omslmr.fd 2009/10/30 v1.6 Font defs for Latin Modern
)
LaTeX Font Info:    Font shape `OMS/lmr/m/n' in size <10.95> not available
(Font)              Font shape `OMS/lmsy/m/n' tried instead on input line 9.
 [50

]
("C:\Users\cplb2\Documents\Cambridge\PhD\Write up\CPGS\Images\Shadow_2-psfrag.t
ex"
File: ./Images/Shadow_2-psfrag.eps Graphic file (type eps)
 <psfrag:./Images/Shadow_2-psfrag.eps>
("C:\Users\cplb2\Documents\Cambridge\PhD\Write up\CPGS\CPGS.pfg")
<./Images/Shadow_2-psfrag.eps>)
("C:\Users\cplb2\Documents\Cambridge\PhD\Write up\CPGS\Images\Shadow_2_6-psfrag
.tex"
File: ./Images/Shadow_2_6-psfrag.eps Graphic file (type eps)
 <psfrag:./Images/Shadow_2_6-psfrag.eps>
("C:\Users\cplb2\Documents\Cambridge\PhD\Write up\CPGS\CPGS.pfg")
<./Images/Shadow_2_6-psfrag.eps>)
("C:\Users\cplb2\Documents\Cambridge\PhD\Write up\CPGS\Images\Shadow_4-psfrag.t
ex"
File: ./Images/Shadow_4-psfrag.eps Graphic file (type eps)
 <psfrag:./Images/Shadow_4-psfrag.eps>
("C:\Users\cplb2\Documents\Cambridge\PhD\Write up\CPGS\CPGS.pfg")
<./Images/Shadow_4-psfrag.eps>)
("C:\Users\cplb2\Documents\Cambridge\PhD\Write up\CPGS\Images\Shadow_4_6-psfrag
.tex"
File: ./Images/Shadow_4_6-psfrag.eps Graphic file (type eps)
 <psfrag:./Images/Shadow_4_6-psfrag.eps>
("C:\Users\cplb2\Documents\Cambridge\PhD\Write up\CPGS\CPGS.pfg")
<./Images/Shadow_4_6-psfrag.eps>)
("C:\Users\cplb2\Documents\Cambridge\PhD\Write up\CPGS\Images\Shadow_9-psfrag.t
ex"
File: ./Images/Shadow_9-psfrag.eps Graphic file (type eps)
 <psfrag:./Images/Shadow_9-psfrag.eps>
("C:\Users\cplb2\Documents\Cambridge\PhD\Write up\CPGS\CPGS.pfg")
<./Images/Shadow_9-psfrag.eps>)
("C:\Users\cplb2\Documents\Cambridge\PhD\Write up\CPGS\Images\Shadow_9_6-psfrag
.tex"
File: ./Images/Shadow_9_6-psfrag.eps Graphic file (type eps)
 <psfrag:./Images/Shadow_9_6-psfrag.eps>
("C:\Users\cplb2\Documents\Cambridge\PhD\Write up\CPGS\CPGS.pfg")
<./Images/Shadow_9_6-psfrag.eps>)
("C:\Users\cplb2\Documents\Cambridge\PhD\Write up\CPGS\Images\Shadow_998-psfrag
.tex"
File: ./Images/Shadow_998-psfrag.eps Graphic file (type eps)
 <psfrag:./Images/Shadow_998-psfrag.eps>
("C:\Users\cplb2\Documents\Cambridge\PhD\Write up\CPGS\CPGS.pfg")
<./Images/Shadow_998-psfrag.eps>)
("C:\Users\cplb2\Documents\Cambridge\PhD\Write up\CPGS\Images\Shadow_998_6-psfr
ag.tex"
File: ./Images/Shadow_998_6-psfrag.eps Graphic file (type eps)
 <psfrag:./Images/Shadow_998_6-psfrag.eps>
("C:\Users\cplb2\Documents\Cambridge\PhD\Write up\CPGS\CPGS.pfg")
<./Images/Shadow_998_6-psfrag.eps>))
("C:\Users\cplb2\Documents\Cambridge\PhD\Write up\CPGS\CPGS.bbl" [51] [52]
[53

] [54] [55] [56] [57]
Underfull \hbox (badness 1931) in paragraph at lines 528--531
[][]\T1/lmr/m/n/9 Johannsen, T. & Psaltis, D.; Test-ing the No-hair The-o-rem w
ith Ob-ser-va-tions in the
 []


Underfull \hbox (badness 1931) in paragraph at lines 533--536
[][]\T1/lmr/m/n/9 Johannsen, T. & Psaltis, D.; Test-ing the No-hair The-o-rem w
ith Ob-ser-va-tions in the
 []

) [58] ("C:\Users\cplb2\Documents\Cambridge\PhD\Write up\CPGS\CPGS.aux") ) 
Here is how much of TeX's memory you used:
 11072 strings out of 495286
 166000 string characters out of 3179901
 343747 words of memory out of 3000000
 13841 multiletter control sequences out of 15000+200000
 166093 words of font info for 146 fonts, out of 3000000 for 9000
 14 hyphenation exceptions out of 8191
 69i,19n,91p,2908b,766s stack positions out of 5000i,500n,10000p,200000b,50000s

Output written on CPGS.dvi (60 pages, 363260 bytes).
